{
  source: 'APP',
  level: 'error',
  message: 'database connection error Error: connect ECONNREFUSED 127.0.0.1:3306',
  timestamp: '2023-03-11T18:11:15.732Z'
}
{
  source: 'ERROR MIDDLEWARE',
  level: 'error',
  message: 'Unexpected error',
  timestamp: '2023-03-14T14:51:33.887Z'
}
{
  source: 'ERROR MIDDLEWARE',
  level: 'error',
  message: 'Unexpected error: Unexpected token } in JSON at position 45',
  timestamp: '2023-03-14T14:52:48.719Z'
}
{
  source: 'ERROR MIDDLEWARE',
  level: 'error',
  message: 'Unexpected error: Unexpected token } in JSON at position 23',
  timestamp: '2023-03-14T14:57:01.791Z'
}
{
  source: 'ERROR MIDDLEWARE',
  level: 'error',
  message: 'Unexpected error: password must have at least 6 characters',
  timestamp: '2023-03-19T21:29:42.111Z'
}
{
  source: 'USER VALIDATOR',
  level: 'error',
  message: 'Error during user data validation: login must have at least 4 characters',
  timestamp: '2023-03-19T21:42:13.725Z'
}
{
  source: 'USER VALIDATOR',
  level: 'error',
  message: 'Error during user data validation: password must have at least 6 characters',
  timestamp: '2023-03-19T21:47:36.766Z'
}
{
  source: 'USER VALIDATOR',
  level: 'error',
  message: 'Error during user data validation: new password must have at least 6 characters',
  timestamp: '2023-03-19T21:55:57.257Z'
}
{
  source: 'USER VALIDATOR',
  level: 'error',
  message: 'Error during user data validation: new password must have at least 6 characters',
  timestamp: '2023-03-19T21:56:35.130Z'
}
{
  source: 'USER VALIDATOR',
  level: 'error',
  message: 'Error during user data validation: new login must have at least 4 characters',
  timestamp: '2023-03-19T21:57:02.070Z'
}
{
  source: 'USER VALIDATOR',
  level: 'error',
  message: 'Error during user data validation: new login must have at least 4 characters',
  timestamp: '2023-03-19T22:24:05.716Z'
}
{
  source: 'DATABASE',
  level: 'error',
  message: 'database connection error Error: connect ECONNREFUSED ::1:3306',
  timestamp: '2023-10-07T14:24:57.241Z'
}
